<?xml version="1.0" encoding="UTF-8"?>
<robot generator="Robot 4.1.2 (Python 3.10.0 on win32)" generated="20211024 00:58:02.415" rpa="false" schemaversion="2">
<suite id="s1" name="Testeweb4" source="C:\Users\Vinicius\Desktop\Projects\Prime_Experts_18.10.2021\prime_experts_18-10-2021\teste web\testeweb4.robot">
<kw name="Abrir chrome" type="SETUP">
<kw name="Open Browser" library="SeleniumLibrary">
<arg>browser=Chrome</arg>
<doc>Opens a new browser instance to the optional ``url``.</doc>
<msg timestamp="20211024 00:58:02.656" level="INFO">Opening browser 'Chrome' to base url 'None'.</msg>
<status status="PASS" starttime="20211024 00:58:02.656" endtime="20211024 00:58:04.134"/>
</kw>
<status status="PASS" starttime="20211024 00:58:02.655" endtime="20211024 00:58:04.134"/>
</kw>
<test id="s1-t1" name="Teste da Web">
<kw name="Ir para a página inicial do automationpractice">
<kw name="Go To" library="SeleniumLibrary">
<arg>${Link}</arg>
<doc>Navigates the current browser window to the provided ``url``.</doc>
<msg timestamp="20211024 00:58:04.135" level="INFO">Opening url 'http://automationpractice.com/'</msg>
<status status="PASS" starttime="20211024 00:58:04.135" endtime="20211024 00:58:09.453"/>
</kw>
<status status="PASS" starttime="20211024 00:58:04.135" endtime="20211024 00:58:09.454"/>
</kw>
<kw name="Clicar em sign in">
<kw name="Click Link" library="SeleniumLibrary">
<arg>${sign}</arg>
<doc>Clicks a link identified by ``locator``.</doc>
<msg timestamp="20211024 00:58:09.455" level="INFO">Clicking link '//a[@href='http://automationpractice.com/index.php?controller=my-account']'.</msg>
<status status="PASS" starttime="20211024 00:58:09.454" endtime="20211024 00:58:12.332"/>
</kw>
<status status="PASS" starttime="20211024 00:58:09.454" endtime="20211024 00:58:12.333"/>
</kw>
<kw name="Digitar johndoe32193812@hotmail.com na caixa de pesquisa" sourcename="Digitar ${email} na caixa de pesquisa">
<kw name="Wait Until Element Is Visible" library="SeleniumLibrary">
<arg>${txtbox}</arg>
<doc>Waits until the element ``locator`` is visible.</doc>
<status status="PASS" starttime="20211024 00:58:12.333" endtime="20211024 00:58:12.357"/>
</kw>
<kw name="Input Text" library="SeleniumLibrary">
<arg>${txtbox}</arg>
<arg>${email}</arg>
<doc>Types the given ``text`` into the text field identified by ``locator``.</doc>
<msg timestamp="20211024 00:58:12.358" level="INFO">Typing text 'johndoe32193812@hotmail.com' into text field '//input[contains(@id,'email_create')]'.</msg>
<status status="PASS" starttime="20211024 00:58:12.358" endtime="20211024 00:58:12.429"/>
</kw>
<status status="PASS" starttime="20211024 00:58:12.333" endtime="20211024 00:58:12.429"/>
</kw>
<kw name="Clicar em criar conta">
<kw name="Click Button" library="SeleniumLibrary">
<arg>${create}</arg>
<doc>Clicks the button identified by ``locator``.</doc>
<msg timestamp="20211024 00:58:12.430" level="INFO">Clicking button '//button[contains(.,'Create an account')]'.</msg>
<status status="PASS" starttime="20211024 00:58:12.429" endtime="20211024 00:58:12.481"/>
</kw>
<status status="PASS" starttime="20211024 00:58:12.429" endtime="20211024 00:58:12.481"/>
</kw>
<kw name="Preencher o questionário">
<kw name="Wait Until Element Is Visible" library="SeleniumLibrary">
<arg>//input[@id='id_gender1']</arg>
<doc>Waits until the element ``locator`` is visible.</doc>
<status status="PASS" starttime="20211024 00:58:12.482" endtime="20211024 00:58:13.957"/>
</kw>
<kw name="Select Radio Button" library="SeleniumLibrary">
<arg>id_gender</arg>
<arg>1</arg>
<doc>Sets the radio button group ``group_name`` to ``value``.</doc>
<msg timestamp="20211024 00:58:13.958" level="INFO">Selecting '1' from radio button 'id_gender'.</msg>
<status status="PASS" starttime="20211024 00:58:13.957" endtime="20211024 00:58:14.003"/>
</kw>
<status status="PASS" starttime="20211024 00:58:12.482" endtime="20211024 00:58:14.003"/>
</kw>
<tag>test_browser</tag>
<status status="PASS" starttime="20211024 00:58:04.134" endtime="20211024 00:58:14.004"/>
</test>
<kw name="Fechar chrome" type="TEARDOWN">
<kw name="Close Browser" library="SeleniumLibrary">
<doc>Closes the current browser.</doc>
<status status="PASS" starttime="20211024 00:58:14.005" endtime="20211024 00:58:16.129"/>
</kw>
<status status="PASS" starttime="20211024 00:58:14.005" endtime="20211024 00:58:16.129"/>
</kw>
<status status="PASS" starttime="20211024 00:58:02.417" endtime="20211024 00:58:16.129"/>
</suite>
<statistics>
<total>
<stat pass="1" fail="0" skip="0">All Tests</stat>
</total>
<tag>
<stat pass="1" fail="0" skip="0">test_browser</stat>
</tag>
<suite>
<stat pass="1" fail="0" skip="0" id="s1" name="Testeweb4">Testeweb4</stat>
</suite>
</statistics>
<errors>
</errors>
</robot>
